<?xml version="1.0" encoding="UTF-8"?>
<!-- Generated by org.testng.reporters.JUnitXMLReporter -->
<testsuite hostname="manjit-Vostro-1015" ignored="0" name="Default test" tests="3" failures="0" timestamp="22 Feb 2019 09:34:57 GMT" time="56.812" errors="0">
  <testcase name="verifyLogin_Paage" time="2.795" classname="TestPage.LoginTestpage"/>
  <testcase name="verifyLogin_Paage" time="12.148" classname="TestPage.LoginTestpage"/>
  <testcase name="verifyLogin_Paage" time="4.019" classname="TestPage.LoginTestpage"/>
</testsuite> <!-- Default test -->
